<?xml version="1.0" encoding="UTF-8"?>
<!-- Generated by org.testng.reporters.JUnitXMLReporter -->
<testsuite ignored="0" hostname="KARNATI" failures="1" tests="2" name="Title Validation" time="87.672" errors="0" timestamp="2022-03-25T19:37:32 IST">
  <testcase classname="test.java.Academy.E2EProject.ValidateTitle" name="checkHeader" time="0.003">
    <failure type="java.lang.NullPointerException" message="Cannot invoke &amp;quot;main.java.pageObjects.LandingPage.getHeader()&amp;quot; because &amp;quot;this.lp&amp;quot; is null">
      <![CDATA[java.lang.NullPointerException: Cannot invoke "main.java.pageObjects.LandingPage.getHeader()" because "this.lp" is null
at test.java.Academy.E2EProject.ValidateTitle.checkHeader(ValidateTitle.java:41)
at java.base/java.util.ArrayList.forEach(ArrayList.java:1511)
at java.base/java.util.concurrent.FutureTask.run(FutureTask.java:264)
at java.base/java.util.concurrent.ThreadPoolExecutor.runWorker(ThreadPoolExecutor.java:1130)
at java.base/java.util.concurrent.ThreadPoolExecutor$Worker.run(ThreadPoolExecutor.java:630)
at java.base/java.lang.Thread.run(Thread.java:831)
... Removed 18 stack frames]]>
    </failure>
  </testcase> <!-- checkHeader -->
  <testcase classname="test.java.Academy.E2EProject.ValidateTitle" name="checkTitle" time="9.643"/>
</testsuite> <!-- Title Validation -->
