-------------------------------------------------------------------------------
Test set: TestSuite
-------------------------------------------------------------------------------
Tests run: 4, Failures: 1, Errors: 0, Skipped: 0, Time elapsed: 209.308 s <<< FAILURE! - in TestSuite
test.java.Academy.E2EProject.ValidateTitle.checkHeader  Time elapsed: 7.446 s  <<< FAILURE!
java.lang.NullPointerException: Cannot invoke "main.java.pageObjects.LandingPage.getHeader()" because "this.lp" is null
	at test.java.Academy.E2EProject.ValidateTitle.checkHeader(ValidateTitle.java:41)

