<?xml version="1.0" encoding="UTF-8"?>
<testng-results ignored="0" total="4" passed="3" failed="1" skipped="0">
  <reporter-output>
  </reporter-output>
  <suite started-at="2022-03-25T19:35:59 IST" name="Suite" finished-at="2022-03-25T19:39:13 IST" duration-ms="193773">
    <groups>
    </groups>
    <test started-at="2022-03-25T19:35:59 IST" name="Title Validation" finished-at="2022-03-25T19:37:27 IST" duration-ms="87672">
      <class name="test.java.Academy.E2EProject.ValidateTitle">
        <test-method is-config="true" signature="intialize()[pri:0, instance:test.java.Academy.E2EProject.ValidateTitle@c074c0c]" started-at="2022-03-25T19:35:59 IST" name="intialize" finished-at="2022-03-25T19:37:04 IST" duration-ms="64776" status="PASS">
          <reporter-output>
          </reporter-output>
        </test-method> <!-- intialize -->
        <test-method signature="checkHeader()[pri:0, instance:test.java.Academy.E2EProject.ValidateTitle@c074c0c]" started-at="2022-03-25T19:37:04 IST" name="checkHeader" finished-at="2022-03-25T19:37:04 IST" duration-ms="3" status="FAIL">
          <exception class="java.lang.NullPointerException">
            <message>
              <![CDATA[Cannot invoke "main.java.pageObjects.LandingPage.getHeader()" because "this.lp" is null]]>
            </message>
            <full-stacktrace>
              <![CDATA[java.lang.NullPointerException: Cannot invoke "main.java.pageObjects.LandingPage.getHeader()" because "this.lp" is null
at test.java.Academy.E2EProject.ValidateTitle.checkHeader(ValidateTitle.java:41)
at java.base/jdk.internal.reflect.NativeMethodAccessorImpl.invoke0(Native Method)
at java.base/jdk.internal.reflect.NativeMethodAccessorImpl.invoke(NativeMethodAccessorImpl.java:78)
at java.base/jdk.internal.reflect.DelegatingMethodAccessorImpl.invoke(DelegatingMethodAccessorImpl.java:43)
at java.base/java.lang.reflect.Method.invoke(Method.java:567)
at org.testng.internal.invokers.MethodInvocationHelper.invokeMethod(MethodInvocationHelper.java:135)
at org.testng.internal.invokers.TestInvoker.invokeMethod(TestInvoker.java:673)
at org.testng.internal.invokers.TestInvoker.invokeTestMethod(TestInvoker.java:220)
at org.testng.internal.invokers.MethodRunner.runInSequence(MethodRunner.java:50)
at org.testng.internal.invokers.TestInvoker$MethodInvocationAgent.invoke(TestInvoker.java:945)
at org.testng.internal.invokers.TestInvoker.invokeTestMethods(TestInvoker.java:193)
at org.testng.internal.invokers.TestMethodWorker.invokeTestMethods(TestMethodWorker.java:146)
at org.testng.internal.invokers.TestMethodWorker.run(TestMethodWorker.java:128)
at java.base/java.util.ArrayList.forEach(ArrayList.java:1511)
at org.testng.TestRunner.privateRun(TestRunner.java:808)
at org.testng.TestRunner.run(TestRunner.java:603)
at org.testng.SuiteRunner.runTest(SuiteRunner.java:429)
at org.testng.SuiteRunner.access$000(SuiteRunner.java:32)
at org.testng.SuiteRunner$SuiteWorker.run(SuiteRunner.java:467)
at org.testng.internal.thread.ThreadUtil.lambda$execute$0(ThreadUtil.java:58)
at java.base/java.util.concurrent.FutureTask.run(FutureTask.java:264)
at java.base/java.util.concurrent.ThreadPoolExecutor.runWorker(ThreadPoolExecutor.java:1130)
at java.base/java.util.concurrent.ThreadPoolExecutor$Worker.run(ThreadPoolExecutor.java:630)
at java.base/java.lang.Thread.run(Thread.java:831)
]]>
            </full-stacktrace>
          </exception> <!-- java.lang.NullPointerException -->
          <reporter-output>
          </reporter-output>
        </test-method> <!-- checkHeader -->
        <test-method signature="checkTitle()[pri:0, instance:test.java.Academy.E2EProject.ValidateTitle@c074c0c]" started-at="2022-03-25T19:37:12 IST" name="checkTitle" finished-at="2022-03-25T19:37:21 IST" duration-ms="9643" status="PASS">
          <reporter-output>
          </reporter-output>
        </test-method> <!-- checkTitle -->
        <test-method is-config="true" signature="closeDriver()[pri:0, instance:test.java.Academy.E2EProject.ValidateTitle@c074c0c]" started-at="2022-03-25T19:37:21 IST" name="closeDriver" finished-at="2022-03-25T19:37:27 IST" duration-ms="5712" status="PASS">
          <reporter-output>
          </reporter-output>
        </test-method> <!-- closeDriver -->
      </class> <!-- test.java.Academy.E2EProject.ValidateTitle -->
    </test> <!-- Title Validation -->
    <test started-at="2022-03-25T19:35:59 IST" name="HomePage" finished-at="2022-03-25T19:39:13 IST" duration-ms="193772">
      <class name="test.java.Academy.E2EProject.HomePage">
        <test-method is-config="true" signature="intialize()[pri:0, instance:test.java.Academy.E2EProject.HomePage@1edb61b1]" started-at="2022-03-25T19:35:59 IST" name="intialize" finished-at="2022-03-25T19:36:17 IST" duration-ms="17772" status="PASS">
          <reporter-output>
          </reporter-output>
        </test-method> <!-- intialize -->
        <test-method signature="basePageNavigation(java.lang.String,java.lang.String)[pri:0, instance:test.java.Academy.E2EProject.HomePage@1edb61b1]" started-at="2022-03-25T19:36:19 IST" name="basePageNavigation" data-provider="getData" finished-at="2022-03-25T19:38:04 IST" duration-ms="104576" status="PASS">
          <params>
            <param index="0">
              <value>
                <![CDATA[abc@qw.com]]>
              </value>
            </param>
            <param index="1">
              <value>
                <![CDATA[123456]]>
              </value>
            </param>
          </params>
          <reporter-output>
          </reporter-output>
        </test-method> <!-- basePageNavigation -->
        <test-method signature="basePageNavigation(java.lang.String,java.lang.String)[pri:0, instance:test.java.Academy.E2EProject.HomePage@1edb61b1]" started-at="2022-03-25T19:38:04 IST" name="basePageNavigation" data-provider="getData" finished-at="2022-03-25T19:38:47 IST" duration-ms="43894" status="PASS">
          <params>
            <param index="0">
              <value>
                <![CDATA[ghgfg@qw.com]]>
              </value>
            </param>
            <param index="1">
              <value>
                <![CDATA[dff]]>
              </value>
            </param>
          </params>
          <reporter-output>
          </reporter-output>
        </test-method> <!-- basePageNavigation -->
        <test-method is-config="true" signature="closeDriver()[pri:0, instance:test.java.Academy.E2EProject.HomePage@1edb61b1]" started-at="2022-03-25T19:38:47 IST" name="closeDriver" finished-at="2022-03-25T19:39:13 IST" duration-ms="25643" status="PASS">
          <reporter-output>
          </reporter-output>
        </test-method> <!-- closeDriver -->
      </class> <!-- test.java.Academy.E2EProject.HomePage -->
    </test> <!-- HomePage -->
  </suite> <!-- Suite -->
</testng-results>
